#
# There is insufficient memory for the Java Runtime Environment to continue.
# Native memory allocation (malloc) failed to allocate 1048576 bytes for AllocateHeap
# Possible reasons:
#   The system is out of physical RAM or swap space
#   The process is running with CompressedOops enabled, and the Java Heap may be blocking the growth of the native heap
# Possible solutions:
#   Reduce memory load on the system
#   Increase physical memory or swap space
#   Check if swap backing store is full
#   Decrease Java heap size (-Xmx/-Xms)
#   Decrease number of Java threads
#   Decrease Java thread stack sizes (-Xss)
#   Set larger code cache with -XX:ReservedCodeCacheSize=
#   JVM is running with Unscaled Compressed Oops mode in which the Java heap is
#     placed in the first 4GB address space. The Java Heap base address is the
#     maximum limit for the native heap growth. Please use -XX:HeapBaseMinAddress
#     to set the Java Heap base and to place the Java Heap above 4GB virtual address.
# This output file may be truncated or incomplete.
#
#  Out of Memory Error (memory/allocation.inline.hpp:61), pid=17392, tid=0x0000000000002590
#
# JRE version:  (8.0_301-b09) (build )
# Java VM: Java HotSpot(TM) 64-Bit Server VM (25.301-b09 mixed mode windows-amd64 compressed oops)
# Failed to write core dump. Minidumps are not enabled by default on client versions of Windows
#

---------------  T H R E A D  ---------------

Current thread (0x0000014b85f52000):  JavaThread "Unknown thread" [_thread_in_vm, id=9616, stack(0x000000266c900000,0x000000266ca00000)]

Stack: [0x000000266c900000,0x000000266ca00000]
Native frames: (J=compiled Java code, j=interpreted, Vv=VM code, C=native code)
V  [jvm.dll+0x32ed79]
V  [jvm.dll+0x275722]
V  [jvm.dll+0x2763cd]
V  [jvm.dll+0x26ce05]
V  [jvm.dll+0x509d]
V  [jvm.dll+0x3c9fec]
V  [jvm.dll+0x3c6367]
V  [jvm.dll+0xfcdcf]
V  [jvm.dll+0x20a0bb]
V  [jvm.dll+0x238ae7]
V  [jvm.dll+0x162876]
C  [java.exe+0x2312]
C  [java.exe+0x15f54]
C  [KERNEL32.DLL+0x17034]
C  [ntdll.dll+0x52651]


---------------  P R O C E S S  ---------------

Java Threads: ( => current thread )

Other Threads:

=>0x0000014b85f52000 (exited) JavaThread "Unknown thread" [_thread_in_vm, id=9616, stack(0x000000266c900000,0x000000266ca00000)]

VM state:not at safepoint (normal execution)

VM Mutex/Monitor currently owned by a thread: None

heap address: 0x0000000082400000, size: 2012 MB, Compressed Oops mode: 32-bit
Narrow klass base: 0x0000000000000000, Narrow klass shift: 3
Compressed class space size: 1073741824 Address: 0x0000000100000000

Heap:
 PSYoungGen      total 37888K, used 655K [0x00000000d6180000, 0x00000000d8b80000, 0x0000000100000000)
  eden space 32768K, 2% used [0x00000000d6180000,0x00000000d6223d80,0x00000000d8180000)
  from space 5120K, 0% used [0x00000000d8680000,0x00000000d8680000,0x00000000d8b80000)
  to   space 5120K, 0% used [0x00000000d8180000,0x00000000d8180000,0x00000000d8680000)
 ParOldGen       total 86016K, used 0K [0x0000000082400000, 0x0000000087800000, 0x00000000d6180000)
  object space 86016K, 0% used [0x0000000082400000,0x0000000082400000,0x0000000087800000)
 Metaspace       used 753K, capacity 4480K, committed 4480K, reserved 1056768K
  class space    used 76K, capacity 384K, committed 384K, reserved 1048576K

Card table byte_map: [0x0000014b96be0000,0x0000014b96fd0000] byte_map_base: 0x0000014b967ce000

Marking Bits: (ParMarkBitMap*) 0x0000000062217fe0
 Begin Bits: [0x0000014b97270000, 0x0000014b991e0000)
 End Bits:   [0x0000014b991e0000, 0x0000014b9b150000)

Polling page: 0x0000014b877f0000

CodeCache: size=245760Kb used=328Kb max_used=328Kb free=245431Kb
 bounds [0x0000014b87820000, 0x0000014b87a90000, 0x0000014b96820000]
 total_blobs=58 nmethods=0 adapters=38
 compilation: enabled

Compilation events (0 events):
No events

GC Heap History (0 events):
No events

Deoptimization events (0 events):
No events

Classes redefined (0 events):
No events

Internal exceptions (0 events):
No events

Events (10 events):
Event: 0.038 loading class java/lang/Short
Event: 0.038 loading class java/lang/Short done
Event: 0.038 loading class java/lang/Integer
Event: 0.039 loading class java/lang/Integer done
Event: 0.039 loading class java/lang/Long
Event: 0.039 loading class java/lang/Long done
Event: 0.039 loading class java/lang/NullPointerException
Event: 0.040 loading class java/lang/NullPointerException done
Event: 0.040 loading class java/lang/ArithmeticException
Event: 0.040 loading class java/lang/ArithmeticException done


Dynamic libraries:
0x00007ff779760000 - 0x00007ff7797a7000 	C:\Program Files (x86)\Common Files\Oracle\Java\javapath\java.exe
0x00007ffafed90000 - 0x00007ffafef85000 	C:\Windows\SYSTEM32\ntdll.dll
0x00007ffafe1f0000 - 0x00007ffafe2ae000 	C:\Windows\System32\KERNEL32.DLL
0x00007ffafca30000 - 0x00007ffafccf8000 	C:\Windows\System32\KERNELBASE.dll
0x00007ffafe470000 - 0x00007ffafe51e000 	C:\Windows\System32\ADVAPI32.dll
0x00007ffafe150000 - 0x00007ffafe1ee000 	C:\Windows\System32\msvcrt.dll
0x00007ffafe520000 - 0x00007ffafe5bc000 	C:\Windows\System32\sechost.dll
0x00007ffafe5c0000 - 0x00007ffafe6e5000 	C:\Windows\System32\RPCRT4.dll
0x00007ffafce70000 - 0x00007ffafd010000 	C:\Windows\System32\USER32.dll
0x00007ffafc4a0000 - 0x00007ffafc4c2000 	C:\Windows\System32\win32u.dll
0x00007ffafd220000 - 0x00007ffafd24b000 	C:\Windows\System32\GDI32.dll
0x00007ffafc850000 - 0x00007ffafc95d000 	C:\Windows\System32\gdi32full.dll
0x00007ffafc960000 - 0x00007ffafc9fd000 	C:\Windows\System32\msvcp_win.dll
0x00007ffafc750000 - 0x00007ffafc850000 	C:\Windows\System32\ucrtbase.dll
0x00007ffafb870000 - 0x00007ffafbb0a000 	C:\Windows\WinSxS\amd64_microsoft.windows.common-controls_6595b64144ccf1df_6.0.19041.1110_none_60b5254171f9507e\COMCTL32.dll
0x00007ffafce40000 - 0x00007ffafce70000 	C:\Windows\System32\IMM32.DLL
0x00007ffaf0610000 - 0x00007ffaf0625000 	C:\Program Files\Java\jre1.8.0_301\bin\vcruntime140.dll
0x00007ffad3720000 - 0x00007ffad37bb000 	C:\Program Files\Java\jre1.8.0_301\bin\msvcp140.dll
0x0000000061a30000 - 0x0000000062290000 	C:\Program Files\Java\jre1.8.0_301\bin\server\jvm.dll
0x00007ffafd210000 - 0x00007ffafd218000 	C:\Windows\System32\PSAPI.DLL
0x00007ffae9540000 - 0x00007ffae9567000 	C:\Windows\SYSTEM32\WINMM.dll
0x00007ffaf5800000 - 0x00007ffaf580a000 	C:\Windows\SYSTEM32\VERSION.dll
0x00007ffad35f0000 - 0x00007ffad35f9000 	C:\Windows\SYSTEM32\WSOCK32.dll
0x00007ffafd010000 - 0x00007ffafd07b000 	C:\Windows\System32\WS2_32.dll
0x00007ffaf9d40000 - 0x00007ffaf9d52000 	C:\Windows\SYSTEM32\kernel.appcore.dll
0x00007ffaf5da0000 - 0x00007ffaf5db0000 	C:\Program Files\Java\jre1.8.0_301\bin\verify.dll
0x00007ffadbfd0000 - 0x00007ffadbffb000 	C:\Program Files\Java\jre1.8.0_301\bin\java.dll
0x00007ffaf0060000 - 0x00007ffaf0078000 	C:\Program Files\Java\jre1.8.0_301\bin\zip.dll
0x00007ffafbec0000 - 0x00007ffafc0a4000 	C:\Windows\SYSTEM32\dbghelp.dll
0x00007ffafcd50000 - 0x00007ffafcdd2000 	C:\Windows\System32\bcryptPrimitives.dll

VM Arguments:
java_command: <unknown>
java_class_path (initial): .
Launcher Type: SUN_STANDARD

Environment Variables:
PATH=E:\35\projectsea\android\node_modules\.bin;E:\35\projectsea\node_modules\.bin;E:\35\node_modules\.bin;E:\node_modules\.bin;C:\Program Files\nodejs;E:\35\projectsea\node_modules\.bin;C:\Program Files (x86)\Common Files\Oracle\Java\javapath;C:\Windows\system32;C:\Windows;C:\Windows\System32\Wbem;C:\Windows\System32\WindowsPowerShell\v1.0\;C:\Windows\System32\OpenSSH\;C:\Program Files\Git\cmd;C:\Program Files\nodejs\;C:\Users\vudat\AppData\Local\Android\Sdk\platform-tools;C:\Users\vudat\AppData\Local\Programs\Python\Python39\Lib\site-packages\osgeo;C:\Program Files\Microsoft SQL Server\130\Tools\Binn\;C:\Program Files\Microsoft SQL Server\Client SDK\ODBC\170\Tools\Binn\;C:\Program Files (x86)\Microsoft SQL Server\150\Tools\Binn\;C:\Program Files\Microsoft SQL Server\150\Tools\Binn\;C:\Program Files\Microsoft SQL Server\150\DTS\Binn\;C:\Program Files\Azure Data Studio\bin;C:\Users\vudat\AppData\Local\Programs\Python\Python39\Scripts\;C:\Users\vudat\AppData\Local\Programs\Python\Python39\;C:\Users\vudat\AppData\Local\Microsoft\WindowsApps;C:\Users\vudat\AppData\Roaming\npm;C:\Users\vudat\AppData\Local\Programs\Microsoft VS Code\bin;C:\Program Files\Azure Data Studio\bin;C:\Users\vudat\Documents\flutter\bin;
USERNAME=vudat
OS=Windows_NT
PROCESSOR_IDENTIFIER=Intel64 Family 6 Model 158 Stepping 10, GenuineIntel



---------------  S Y S T E M  ---------------

OS: Windows 10.0 , 64 bit Build 19041 (10.0.19041.1503)

CPU:total 8 (initial active 8) (4 cores per cpu, 2 threads per core) family 6 model 158 stepping 10, cmov, cx8, fxsr, mmx, sse, sse2, sse3, ssse3, sse4.1, sse4.2, popcnt, avx, avx2, aes, clmul, erms, 3dnowpref, lzcnt, ht, tsc, tscinvbit, bmi1, bmi2, adx

Memory: 4k page, physical 8237028k(382160k free), swap 22799376k(4944k free)

vm_info: Java HotSpot(TM) 64-Bit Server VM (25.301-b09) for windows-amd64 JRE (1.8.0_301-b09), built on Jun  9 2021 06:46:21 by "java_re" with MS VC++ 15.9 (VS2017)

time: Sat Mar  5 17:08:45 2022
timezone: SE Asia Standard Time
elapsed time: 0.181001 seconds (0d 0h 0m 0s)

